<?xml version="1.0" encoding="utf-8"?><testsuites name="pytest tests"><testsuite name="pytest" errors="0" failures="0" skipped="0" tests="4" time="0.639" timestamp="2026-04-02T15:43:58.495983+02:00" hostname="Mac"><testcase classname="tests.test_brake_controller" name="test_brake_pressure_response" time="0.001" /><testcase classname="tests.test_brake_controller" name="test_abs_activation_logic[120-90-1]" time="0.211" /><testcase classname="tests.test_brake_controller" name="test_abs_activation_logic[30-90-0]" time="0.207" /><testcase classname="tests.test_brake_controller" name="test_abs_activation_logic[120-20-0]" time="0.206" /></testsuite></testsuites>